C:\USERS\ADMINISTRATOR\DESKTOP\OPENCAMERA\DEBUG\OPENCAMERA.EXE
C:\USERS\ADMINISTRATOR\DESKTOP\OPENCAMERA\DEBUG\OPENCAMERA.ILK
C:\USERS\ADMINISTRATOR\DESKTOP\OPENCAMERA\DEBUG\OPENCAMERA.PDB
C:\Users\Administrator\Desktop\OpenCamera\OpenCamera\Debug\cl.command.1.tlog
C:\Users\Administrator\Desktop\OpenCamera\OpenCamera\Debug\CL.read.1.tlog
C:\Users\Administrator\Desktop\OpenCamera\OpenCamera\Debug\CL.write.1.tlog
C:\USERS\ADMINISTRATOR\DESKTOP\OPENCAMERA\OPENCAMERA\DEBUG\CVVIMAGE.OBJ
C:\Users\Administrator\Desktop\OpenCamera\OpenCamera\Debug\link.5284.read.1.tlog
C:\Users\Administrator\Desktop\OpenCamera\OpenCamera\Debug\link.5284.write.1.tlog
C:\Users\Administrator\Desktop\OpenCamera\OpenCamera\Debug\link.5284-cvtres.read.1.tlog
C:\Users\Administrator\Desktop\OpenCamera\OpenCamera\Debug\link.5284-cvtres.write.1.tlog
C:\Users\Administrator\Desktop\OpenCamera\OpenCamera\Debug\link.command.1.tlog
C:\Users\Administrator\Desktop\OpenCamera\OpenCamera\Debug\link.read.1.tlog
C:\Users\Administrator\Desktop\OpenCamera\OpenCamera\Debug\link.write.1.tlog
C:\Users\Administrator\Desktop\OpenCamera\OpenCamera\Debug\link-cvtres.read.1.tlog
C:\Users\Administrator\Desktop\OpenCamera\OpenCamera\Debug\link-cvtres.write.1.tlog
C:\Users\Administrator\Desktop\OpenCamera\OpenCamera\Debug\mt.command.1.tlog
C:\Users\Administrator\Desktop\OpenCamera\OpenCamera\Debug\mt.read.1.tlog
C:\Users\Administrator\Desktop\OpenCamera\OpenCamera\Debug\mt.write.1.tlog
C:\USERS\ADMINISTRATOR\DESKTOP\OPENCAMERA\OPENCAMERA\DEBUG\OPENCAMERA.EXE.EMBED.MANIFEST
C:\USERS\ADMINISTRATOR\DESKTOP\OPENCAMERA\OPENCAMERA\DEBUG\OPENCAMERA.EXE.EMBED.MANIFEST.RES
C:\USERS\ADMINISTRATOR\DESKTOP\OPENCAMERA\OPENCAMERA\DEBUG\OPENCAMERA.EXE.INTERMEDIATE.MANIFEST
C:\USERS\ADMINISTRATOR\DESKTOP\OPENCAMERA\OPENCAMERA\DEBUG\OPENCAMERA.OBJ
C:\USERS\ADMINISTRATOR\DESKTOP\OPENCAMERA\OPENCAMERA\DEBUG\OPENCAMERA.PCH
C:\USERS\ADMINISTRATOR\DESKTOP\OPENCAMERA\OPENCAMERA\DEBUG\OPENCAMERA.RES
C:\Users\Administrator\Desktop\OpenCamera\OpenCamera\Debug\OpenCamera.vcxprojResolveAssemblyReference.cache
C:\Users\Administrator\Desktop\OpenCamera\OpenCamera\Debug\OpenCamera.write.1.tlog
C:\Users\Administrator\Desktop\OpenCamera\OpenCamera\Debug\OpenCamera_manifest.rc
C:\USERS\ADMINISTRATOR\DESKTOP\OPENCAMERA\OPENCAMERA\DEBUG\OPENCAMERADLG.OBJ
C:\Users\Administrator\Desktop\OpenCamera\OpenCamera\Debug\rc.command.1.tlog
C:\Users\Administrator\Desktop\OpenCamera\OpenCamera\Debug\rc.read.1.tlog
C:\Users\Administrator\Desktop\OpenCamera\OpenCamera\Debug\rc.write.1.tlog
C:\USERS\ADMINISTRATOR\DESKTOP\OPENCAMERA\OPENCAMERA\DEBUG\STDAFX.OBJ
C:\Users\Administrator\Desktop\OpenCamera\OpenCamera\Debug\vc100.idb
C:\USERS\ADMINISTRATOR\DESKTOP\OPENCAMERA\OPENCAMERA\DEBUG\VC100.PDB
